#
# A fatal error has been detected by the Java Runtime Environment:
#
#  EXCEPTION_ACCESS_VIOLATION (0xc0000005) at pc=0x000007fedf8cecdd, pid=6404, tid=5672
#
# JRE version: Java(TM) SE Runtime Environment 18.9 (11.0.7+8) (build 11.0.7+8-LTS)
# Java VM: Java HotSpot(TM) 64-Bit Server VM 18.9 (11.0.7+8-LTS, mixed mode, tiered, compressed oops, g1 gc, windows-amd64)
# Problematic frame:
# V  [jvm.dll+0x2eecdd]
#
# No core dump will be written. Minidumps are not enabled by default on client versions of Windows
#
# If you would like to submit a bug report, please visit:
#   https://bugreport.java.com/bugreport/crash.jsp
#

---------------  S U M M A R Y ------------

Command Line: -Dcom.sun.management.jmxremote -Dcom.sun.management.jmxremote.port=51813 -Dcom.sun.management.jmxremote.authenticate=false -Dcom.sun.management.jmxremote.ssl=false -Djava.rmi.server.hostname=localhost -Dspring.jmx.enabled=true -Dspring.application.admin.enabled=true -Xverify:none -XX:TieredStopAtLevel=1 -Dspring.boot.project.name=osworks-api -Dfile.encoding=UTF-8 com.algaworks.osworks.OsworksApiApplication --spring.output.ansi.enabled=always

Host: Intel(R) Core(TM) i5-2410M CPU @ 2.30GHz, 4 cores, 3G,  Windows 7 , 64 bit Build 7601 (6.1.7601.24408)
Time: Sun Apr 26 17:09:52 2020 Hora oficial do Brasil elapsed time: 6 seconds (0d 0h 0m 6s)

---------------  T H R E A D  ---------------

Current thread (0x00000000615ff800):  GCTaskThread "GC Thread#3" [stack: 0x0000000062920000,0x0000000062a20000] [id=5672]

Stack: [0x0000000062920000,0x0000000062a20000],  sp=0x0000000062a1f390,  free space=1020k
Native frames: (J=compiled Java code, j=interpreted, Vv=VM code, C=native code)
V  [jvm.dll+0x2eecdd]
V  [jvm.dll+0x317cf5]
V  [jvm.dll+0x318ca9]
V  [jvm.dll+0x32a843]
V  [jvm.dll+0x1e8464]
V  [jvm.dll+0x1e84f3]
V  [jvm.dll+0x3161d7]
V  [jvm.dll+0x1e905a]
V  [jvm.dll+0x32b9fb]
V  [jvm.dll+0x32b524]
V  [jvm.dll+0x2f78f0]
V  [jvm.dll+0x7d4c20]
V  [jvm.dll+0x75e875]
V  [jvm.dll+0x660b26]
C  [ucrtbase.DLL+0x1d885]
C  [kernel32.dll+0x1555d]
C  [ntdll.dll+0x5385d]


siginfo: EXCEPTION_ACCESS_VIOLATION (0xc0000005), reading address 0x00000000000000f8


Register to memory mapping:

RIP=0x000007fedf8cecdd jvm.dll
RAX=0x0000000000363650 points into unknown readable memory: 00 00 00 00 00 00 00 00
RBX=0x0000000063ec5d10 points into unknown readable memory: d8 fb e8 df fe 07 00 00
RCX=0x0000000000000014 is an unknown value
RDX=0x0 is NULL
RSP=0x0000000062a1f390 points into unknown readable memory: 10 5d ec 63 00 00 00 00
RBP=0x0000000063ec5e80 points into unknown readable memory: 90 fb e8 df fe 07 00 00
RSI=0x00000000c27c76b8 is an oop: java.lang.Class 
{0x00000000c27c76b8} - klass: 'java/lang/Class'
RDI=0x00000000c27c76f4 is pointing into object: java.lang.Class 
{0x00000000c27c76b8} - klass: 'java/lang/Class'
R8 =0x00000000c27c76f4 is pointing into object: java.lang.Class 
{0x00000000c27c76b8} - klass: 'java/lang/Class'
R9 =0x0 is NULL
R10=0x000000001f3c2268 is pointing into metadata
R11=0x00000000c27c76b8 is an oop: java.lang.Class 
{0x00000000c27c76b8} - klass: 'java/lang/Class'
R12=0x000000001f3c2308 is pointing into metadata
R13=0x00000000c27c76b8 is an oop: java.lang.Class 
{0x00000000c27c76b8} - klass: 'java/lang/Class'
R14=0x00000000c27c76c4 is pointing into object: java.lang.Class 
{0x00000000c27c76b8} - klass: 'java/lang/Class'
R15=0x000000001f3c2308 is pointing into metadata


Registers:
RAX=0x0000000000363650, RBX=0x0000000063ec5d10, RCX=0x0000000000000014, RDX=0x0000000000000000
RSP=0x0000000062a1f390, RBP=0x0000000063ec5e80, RSI=0x00000000c27c76b8, RDI=0x00000000c27c76f4
R8 =0x00000000c27c76f4, R9 =0x0000000000000000, R10=0x000000001f3c2268, R11=0x00000000c27c76b8
R12=0x000000001f3c2308, R13=0x00000000c27c76b8, R14=0x00000000c27c76c4, R15=0x000000001f3c2308
RIP=0x000007fedf8cecdd, EFLAGS=0x0000000000010247

Top of Stack: (sp=0x0000000062a1f390)
0x0000000062a1f390:   0000000063ec5d10 0000000000000001
0x0000000062a1f3a0:   0000000000000284 00000000c27c725d
0x0000000062a1f3b0:   0000000000000005 000007fedf8f7cf5
0x0000000062a1f3c0:   0000000063ec5d10 00000000c27c75b1
0x0000000062a1f3d0:   00000000c27c769d 000007fedf8f8f22
0x0000000062a1f3e0:   00000000c4d080d8 0000000000000001
0x0000000062a1f3f0:   00000000c27c76b8 0000000063ec5d10
0x0000000062a1f400:   0000000000000002 000007fedf8f8ca9
0x0000000062a1f410:   0000000000000003 000000000000000e
0x0000000062a1f420:   00000045a3730b19 0000000000000001
0x0000000062a1f430:   0000000063b28d28 0000000000000040
0x0000000062a1f440:   0000000060713b50 0000000066e30530
0x0000000062a1f450:   0000000000000000 000000000035cd40
0x0000000062a1f460:   0000000063b28d28 0000000000000040
0x0000000062a1f470:   0000000060713b50 000000006431dab8
0x0000000062a1f480:   0000000000000020 000007fedf90a843 

Instructions: (pc=0x000007fedf8cecdd)
0x000007fedf8cecbd:   8b d9 d1 e8 a8 01 75 6b 48 8b 41 08 8b 88 c0 02
0x000007fedf8ceccd:   00 00 48 8b 80 b0 02 00 00 49 d3 e9 4a 8b 14 c8
0x000007fedf8cecdd:   48 8b 82 f8 00 00 00 83 b8 18 01 00 00 00 74 43
0x000007fedf8ceced:   48 8b 4b 50 48 89 7c 24 30 49 c1 e8 09 48 8b 79 


Stack slot to memory mapping:
stack at sp + 0 slots: 0x0000000063ec5d10 points into unknown readable memory: d8 fb e8 df fe 07 00 00
stack at sp + 1 slots: 0x0000000000000001 is an unknown value
stack at sp + 2 slots: 0x0000000000000284 is an unknown value
stack at sp + 3 slots: 0x00000000c27c725d is pointing into object: [Ljava.lang.Object; 
{0x00000000c27c70f0} - klass: 'java/lang/Object'[]
 - length: 88
stack at sp + 4 slots: 0x0000000000000005 is an unknown value
stack at sp + 5 slots: 0x000007fedf8f7cf5 jvm.dll
stack at sp + 6 slots: 0x0000000063ec5d10 points into unknown readable memory: d8 fb e8 df fe 07 00 00
stack at sp + 7 slots: 0x00000000c27c75b1 is pointing into object: java.lang.Class 
{0x00000000c27c7588} - klass: 'java/lang/Class'


---------------  P R O C E S S  ---------------

Threads class SMR info:
_java_thread_list=0x00000000613cca80, length=39, elements={
0x000000000034a800, 0x000000005fca5800, 0x000000005fcaf800, 0x000000005fcbb000,
0x000000005fcbf800, 0x000000005fcc0800, 0x000000005fcdf000, 0x000000005fc40800,
0x000000006074e800, 0x0000000060ffd800, 0x0000000060ff7800, 0x000000006101d800,
0x0000000061021800, 0x000000006104c800, 0x000000006104e000, 0x0000000061134800,
0x0000000061410000, 0x000000006142c000, 0x0000000063a42000, 0x0000000063a42800,
0x0000000063a43800, 0x0000000063a44800, 0x0000000063a45000, 0x0000000063a46000,
0x0000000063a47000, 0x0000000063a47800, 0x0000000063a48800, 0x0000000060e23800,
0x0000000060e24800, 0x0000000060e25000, 0x0000000060e26000, 0x0000000060e27000,
0x0000000060e27800, 0x0000000060e28800, 0x0000000060e29800, 0x0000000060e2a000,
0x000000006137e800, 0x000000006137f800, 0x0000000061380800
}

Java Threads: ( => current thread )
  0x000000000034a800 JavaThread "main" [_thread_blocked, id=5752, stack(0x0000000002110000,0x0000000002210000)]
  0x000000005fca5800 JavaThread "Reference Handler" daemon [_thread_blocked, id=7132, stack(0x000000001f1b0000,0x000000001f2b0000)]
  0x000000005fcaf800 JavaThread "Finalizer" daemon [_thread_blocked, id=1924, stack(0x0000000060080000,0x0000000060180000)]
  0x000000005fcbb000 JavaThread "Signal Dispatcher" daemon [_thread_blocked, id=3384, stack(0x00000000601a0000,0x00000000602a0000)]
  0x000000005fcbf800 JavaThread "Attach Listener" daemon [_thread_blocked, id=5968, stack(0x00000000602e0000,0x00000000603e0000)]
  0x000000005fcc0800 JavaThread "C1 CompilerThread0" daemon [_thread_blocked, id=6568, stack(0x0000000060480000,0x0000000060580000)]
  0x000000005fcdf000 JavaThread "Sweeper thread" daemon [_thread_blocked, id=2116, stack(0x0000000060590000,0x0000000060690000)]
  0x000000005fc40800 JavaThread "Common-Cleaner" daemon [_thread_blocked, id=6688, stack(0x0000000060bc0000,0x0000000060cc0000)]
  0x000000006074e800 JavaThread "Service Thread" daemon [_thread_blocked, id=6636, stack(0x0000000060d00000,0x0000000060e00000)]
  0x0000000060ffd800 JavaThread "RMI TCP Accept-0" daemon [_thread_in_native, id=5188, stack(0x0000000061a80000,0x0000000061b80000)]
  0x0000000060ff7800 JavaThread "RMI TCP Accept-51813" daemon [_thread_in_native, id=7096, stack(0x0000000061b90000,0x0000000061c90000)]
  0x000000006101d800 JavaThread "RMI TCP Connection(1)-127.0.0.1" daemon [_thread_in_native, id=5736, stack(0x0000000061fb0000,0x00000000620b0000)]
  0x0000000061021800 JavaThread "RMI TCP Accept-0" daemon [_thread_in_native, id=4528, stack(0x0000000062240000,0x0000000062340000)]
  0x000000006104c800 JavaThread "RMI Scheduler(0)" daemon [_thread_blocked, id=6864, stack(0x0000000062520000,0x0000000062620000)]
  0x000000006104e000 JavaThread "RMI TCP Connection(2)-192.168.0.11" daemon [_thread_in_native, id=7076, stack(0x0000000062660000,0x0000000062760000)]
  0x0000000061134800 JavaThread "JMX server connection timeout 19" daemon [_thread_blocked, id=1476, stack(0x0000000062b30000,0x0000000062c30000)]
  0x0000000061410000 JavaThread "Thread-0" [_thread_blocked, id=1064, stack(0x0000000062e70000,0x0000000062f70000)]
  0x000000006142c000 JavaThread "restartedMain" [_thread_blocked, id=2736, stack(0x0000000063000000,0x0000000063100000)]
  0x0000000063a42000 JavaThread "Catalina-utility-1" [_thread_blocked, id=4484, stack(0x00000000655d0000,0x00000000656d0000)]
  0x0000000063a42800 JavaThread "Catalina-utility-2" [_thread_blocked, id=6032, stack(0x0000000062140000,0x0000000062240000)]
  0x0000000063a43800 JavaThread "container-0" [_thread_blocked, id=4772, stack(0x00000000656d0000,0x00000000657d0000)]
  0x0000000063a44800 JavaThread "mysql-cj-abandoned-connection-cleanup" daemon [_thread_blocked, id=2628, stack(0x0000000063140000,0x0000000063240000)]
  0x0000000063a45000 JavaThread "HikariPool-1 housekeeper" daemon [_thread_blocked, id=4676, stack(0x0000000066190000,0x0000000066290000)]
  0x0000000063a46000 JavaThread "HikariPool-1 connection adder" daemon [_thread_blocked, id=1080, stack(0x0000000066380000,0x0000000066480000)]
  0x0000000063a47000 JavaThread "File Watcher" daemon [_thread_blocked, id=4300, stack(0x00000000684c0000,0x00000000685c0000)]
  0x0000000063a47800 JavaThread "Live Reload Server" daemon [_thread_in_native, id=6152, stack(0x0000000068630000,0x0000000068730000)]
  0x0000000063a48800 JavaThread "http-nio-8080-BlockPoller" daemon [_thread_in_native, id=3152, stack(0x0000000068810000,0x0000000068910000)]
  0x0000000060e23800 JavaThread "http-nio-8080-exec-1" daemon [_thread_blocked, id=2616, stack(0x0000000065ac0000,0x0000000065bc0000)]
  0x0000000060e24800 JavaThread "http-nio-8080-exec-2" daemon [_thread_blocked, id=4264, stack(0x0000000068980000,0x0000000068a80000)]
  0x0000000060e25000 JavaThread "http-nio-8080-exec-3" daemon [_thread_blocked, id=6956, stack(0x0000000068c00000,0x0000000068d00000)]
  0x0000000060e26000 JavaThread "http-nio-8080-exec-4" daemon [_thread_blocked, id=3216, stack(0x0000000068d50000,0x0000000068e50000)]
  0x0000000060e27000 JavaThread "http-nio-8080-exec-5" daemon [_thread_blocked, id=1056, stack(0x0000000068f70000,0x0000000069070000)]
  0x0000000060e27800 JavaThread "http-nio-8080-exec-6" daemon [_thread_blocked, id=6584, stack(0x0000000068a80000,0x0000000068b80000)]
  0x0000000060e28800 JavaThread "http-nio-8080-exec-7" daemon [_thread_blocked, id=4092, stack(0x0000000069090000,0x0000000069190000)]
  0x0000000060e29800 JavaThread "http-nio-8080-exec-8" daemon [_thread_blocked, id=4836, stack(0x0000000069220000,0x0000000069320000)]
  0x0000000060e2a000 JavaThread "http-nio-8080-exec-9" daemon [_thread_blocked, id=5732, stack(0x00000000694d0000,0x00000000695d0000)]
  0x000000006137e800 JavaThread "http-nio-8080-exec-10" daemon [_thread_blocked, id=6916, stack(0x00000000696a0000,0x00000000697a0000)]
  0x000000006137f800 JavaThread "http-nio-8080-ClientPoller" daemon [_thread_in_native, id=6740, stack(0x0000000069390000,0x0000000069490000)]
  0x0000000061380800 JavaThread "http-nio-8080-Acceptor" daemon [_thread_in_native, id=1800, stack(0x00000000697b0000,0x00000000698b0000)]

Other Threads:
  0x000000005fc62000 VMThread "VM Thread" [stack: 0x000000005ff50000,0x0000000060050000] [id=720]
  0x0000000061025800 WatcherThread [stack: 0x00000000623f0000,0x00000000624f0000] [id=6116]
  0x000000000035d800 GCTaskThread "GC Thread#0" [stack: 0x0000000019d20000,0x0000000019e20000] [id=5960]
  0x00000000610e1800 GCTaskThread "GC Thread#1" [stack: 0x0000000062800000,0x0000000062900000] [id=1832]
  0x00000000615eb800 GCTaskThread "GC Thread#2" [stack: 0x00000000646c0000,0x00000000647c0000] [id=5224]
=>0x00000000615ff800 GCTaskThread "GC Thread#3" [stack: 0x0000000062920000,0x0000000062a20000] [id=5672]
  0x0000000000379000 ConcurrentGCThread "G1 Main Marker" [stack: 0x000000001c890000,0x000000001c990000] [id=492]
  0x000000000037a000 ConcurrentGCThread "G1 Conc#0" [stack: 0x000000001cab0000,0x000000001cbb0000] [id=5860]
  0x000000001eef0800 ConcurrentGCThread "G1 Refine#0" [stack: 0x000000001f090000,0x000000001f190000] [id=6904]
  0x0000000061149800 ConcurrentGCThread "G1 Refine#1" [stack: 0x0000000062a20000,0x0000000062b20000] [id=7036]
  0x00000000003be800 ConcurrentGCThread "G1 Young RemSet Sampling" [stack: 0x000000001f2c0000,0x000000001f3c0000] [id=6372]

Threads with active compile tasks:

VM state:at safepoint (normal execution)

VM Mutex/Monitor currently owned by a thread:  ([mutex/lock_event])
[0x0000000000347490] Threads_lock - owner thread: 0x000000005fc62000
[0x0000000000347be0] Heap_lock - owner thread: 0x0000000063a42000

Heap address: 0x00000000c1600000, size: 1002 MB, Compressed Oops mode: 32-bit
Narrow klass base: 0x0000000000000000, Narrow klass shift: 0
Compressed class space size: 1073741824 Address: 0x000000001f3c0000

Heap:
 garbage-first heap   total 129024K, used 91503K [0x00000000c1600000, 0x0000000100000000)
  region size 1024K, 75 young (76800K), 7 survivors (7168K)
 Metaspace       used 61017K, capacity 62800K, committed 63064K, reserved 1103872K
  class space    used 8060K, capacity 8779K, committed 8832K, reserved 1048576K
Heap Regions: E=young(eden), S=young(survivor), O=old, HS=humongous(starts), HC=humongous(continues), CS=collection set, F=free, A=archive, TAMS=top-at-mark-start (previous, next)
|   0|0x00000000c1600000, 0x00000000c1700000, 0x00000000c1700000|100%|HS|  |TAMS 0x00000000c1700000, 0x00000000c1600000| Complete 
|   1|0x00000000c1700000, 0x00000000c1800000, 0x00000000c1800000|100%| O|  |TAMS 0x00000000c1800000, 0x00000000c1700000| Untracked 
|   2|0x00000000c1800000, 0x00000000c1900000, 0x00000000c1900000|100%| O|  |TAMS 0x00000000c1900000, 0x00000000c1800000| Untracked 
|   3|0x00000000c1900000, 0x00000000c1a00000, 0x00000000c1a00000|100%| O|  |TAMS 0x00000000c1a00000, 0x00000000c1900000| Untracked 
|   4|0x00000000c1a00000, 0x00000000c1b00000, 0x00000000c1b00000|100%| O|  |TAMS 0x00000000c1b00000, 0x00000000c1a00000| Untracked 
|   5|0x00000000c1b00000, 0x00000000c1c00000, 0x00000000c1c00000|100%| O|  |TAMS 0x00000000c1c00000, 0x00000000c1b00000| Untracked 
|   6|0x00000000c1c00000, 0x00000000c1d00000, 0x00000000c1d00000|100%| O|  |TAMS 0x00000000c1d00000, 0x00000000c1c00000| Untracked 
|   7|0x00000000c1d00000, 0x00000000c1e00000, 0x00000000c1e00000|100%| O|  |TAMS 0x00000000c1e00000, 0x00000000c1d00000| Untracked 
|   8|0x00000000c1e00000, 0x00000000c1f00000, 0x00000000c1f00000|100%| O|  |TAMS 0x00000000c1f00000, 0x00000000c1e00000| Untracked 
|   9|0x00000000c1f00000, 0x00000000c2000000, 0x00000000c2000000|100%| O|  |TAMS 0x00000000c2000000, 0x00000000c1f00000| Untracked 
|  10|0x00000000c2000000, 0x00000000c2100000, 0x00000000c2100000|100%| O|  |TAMS 0x00000000c2100000, 0x00000000c2000000| Untracked 
|  11|0x00000000c2100000, 0x00000000c2200000, 0x00000000c2200000|100%| O|  |TAMS 0x00000000c2200000, 0x00000000c2100000| Untracked 
|  12|0x00000000c2200000, 0x00000000c2300000, 0x00000000c2300000|100%| O|  |TAMS 0x00000000c2300000, 0x00000000c2200000| Untracked 
|  13|0x00000000c2300000, 0x00000000c2400000, 0x00000000c2400000|100%| O|  |TAMS 0x00000000c2400000, 0x00000000c2300000| Untracked 
|  14|0x00000000c2400000, 0x00000000c2500000, 0x00000000c2500000|100%| O|  |TAMS 0x00000000c24dda00, 0x00000000c2400000| Untracked 
|  15|0x00000000c2500000, 0x00000000c2600000, 0x00000000c2600000|100%| O|  |TAMS 0x00000000c2500000, 0x00000000c2500000| Untracked 
|  16|0x00000000c2600000, 0x00000000c2700000, 0x00000000c2700000|100%| O|  |TAMS 0x00000000c2600000, 0x00000000c2600000| Untracked 
|  17|0x00000000c2700000, 0x00000000c27f18b0, 0x00000000c2800000| 94%| O|  |TAMS 0x00000000c2700000, 0x00000000c2700000| Untracked 
|  18|0x00000000c2800000, 0x00000000c2800000, 0x00000000c2900000|  0%| F|  |TAMS 0x00000000c2800000, 0x00000000c2800000| Untracked 
|  19|0x00000000c2900000, 0x00000000c2900000, 0x00000000c2a00000|  0%| F|  |TAMS 0x00000000c2900000, 0x00000000c2900000| Untracked 
|  20|0x00000000c2a00000, 0x00000000c2a00000, 0x00000000c2b00000|  0%| F|  |TAMS 0x00000000c2a00000, 0x00000000c2a00000| Untracked 
|  21|0x00000000c2b00000, 0x00000000c2b00000, 0x00000000c2c00000|  0%| F|  |TAMS 0x00000000c2b00000, 0x00000000c2b00000| Untracked 
|  22|0x00000000c2c00000, 0x00000000c2c00000, 0x00000000c2d00000|  0%| F|  |TAMS 0x00000000c2c00000, 0x00000000c2c00000| Untracked 
|  23|0x00000000c2d00000, 0x00000000c2d00000, 0x00000000c2e00000|  0%| F|  |TAMS 0x00000000c2d00000, 0x00000000c2d00000| Untracked 
|  24|0x00000000c2e00000, 0x00000000c2e00000, 0x00000000c2f00000|  0%| F|  |TAMS 0x00000000c2e00000, 0x00000000c2e00000| Untracked 
|  25|0x00000000c2f00000, 0x00000000c2f00000, 0x00000000c3000000|  0%| F|  |TAMS 0x00000000c2f00000, 0x00000000c2f00000| Untracked 
|  26|0x00000000c3000000, 0x00000000c3000000, 0x00000000c3100000|  0%| F|  |TAMS 0x00000000c3000000, 0x00000000c3000000| Untracked 
|  27|0x00000000c3100000, 0x00000000c3100000, 0x00000000c3200000|  0%| F|  |TAMS 0x00000000c3100000, 0x00000000c3100000| Untracked 
|  28|0x00000000c3200000, 0x00000000c3200000, 0x00000000c3300000|  0%| F|  |TAMS 0x00000000c3200000, 0x00000000c3200000| Untracked 
|  29|0x00000000c3300000, 0x00000000c3300000, 0x00000000c3400000|  0%| F|  |TAMS 0x00000000c3300000, 0x00000000c3300000| Untracked 
|  30|0x00000000c3400000, 0x00000000c3400000, 0x00000000c3500000|  0%| F|  |TAMS 0x00000000c3400000, 0x00000000c3400000| Untracked 
|  31|0x00000000c3500000, 0x00000000c3500000, 0x00000000c3600000|  0%| F|  |TAMS 0x00000000c3500000, 0x00000000c3500000| Untracked 
|  32|0x00000000c3600000, 0x00000000c3600000, 0x00000000c3700000|  0%| F|  |TAMS 0x00000000c3600000, 0x00000000c3600000| Untracked 
|  33|0x00000000c3700000, 0x00000000c3700000, 0x00000000c3800000|  0%| F|  |TAMS 0x00000000c3700000, 0x00000000c3700000| Untracked 
|  34|0x00000000c3800000, 0x00000000c3800000, 0x00000000c3900000|  0%| F|  |TAMS 0x00000000c3800000, 0x00000000c3800000| Untracked 
|  35|0x00000000c3900000, 0x00000000c3900000, 0x00000000c3a00000|  0%| F|  |TAMS 0x00000000c3900000, 0x00000000c3900000| Untracked 
|  36|0x00000000c3a00000, 0x00000000c3a00000, 0x00000000c3b00000|  0%| F|  |TAMS 0x00000000c3a00000, 0x00000000c3a00000| Untracked 
|  37|0x00000000c3b00000, 0x00000000c3b00000, 0x00000000c3c00000|  0%| F|  |TAMS 0x00000000c3b00000, 0x00000000c3b00000| Untracked 
|  38|0x00000000c3c00000, 0x00000000c3c00000, 0x00000000c3d00000|  0%| F|  |TAMS 0x00000000c3c00000, 0x00000000c3c00000| Untracked 
|  39|0x00000000c3d00000, 0x00000000c3d00000, 0x00000000c3e00000|  0%| F|  |TAMS 0x00000000c3d00000, 0x00000000c3d00000| Untracked 
|  40|0x00000000c3e00000, 0x00000000c3e00000, 0x00000000c3f00000|  0%| F|  |TAMS 0x00000000c3e00000, 0x00000000c3e00000| Untracked 
|  41|0x00000000c3f00000, 0x00000000c3f00000, 0x00000000c4000000|  0%| F|  |TAMS 0x00000000c3f00000, 0x00000000c3f00000| Untracked 
|  42|0x00000000c4000000, 0x00000000c4000000, 0x00000000c4100000|  0%| F|  |TAMS 0x00000000c4000000, 0x00000000c4000000| Untracked 
|  43|0x00000000c4100000, 0x00000000c4100000, 0x00000000c4200000|  0%| F|  |TAMS 0x00000000c4100000, 0x00000000c4100000| Untracked 
|  44|0x00000000c4200000, 0x00000000c42d3aa0, 0x00000000c4300000| 82%| S|  |TAMS 0x00000000c4200000, 0x00000000c4200000| Complete 
|  45|0x00000000c4300000, 0x00000000c4400000, 0x00000000c4400000|100%| S|  |TAMS 0x00000000c4300000, 0x00000000c4300000| Complete 
|  46|0x00000000c4400000, 0x00000000c4500000, 0x00000000c4500000|100%| S|  |TAMS 0x00000000c4400000, 0x00000000c4400000| Complete 
|  47|0x00000000c4500000, 0x00000000c4600000, 0x00000000c4600000|100%| S|  |TAMS 0x00000000c4500000, 0x00000000c4500000| Complete 
|  48|0x00000000c4600000, 0x00000000c4700000, 0x00000000c4700000|100%| S|  |TAMS 0x00000000c4600000, 0x00000000c4600000| Complete 
|  49|0x00000000c4700000, 0x00000000c477e530, 0x00000000c4800000| 49%| E|CS|TAMS 0x00000000c4700000, 0x00000000c4700000| Complete 
|  50|0x00000000c4800000, 0x00000000c4900000, 0x00000000c4900000|100%| E|CS|TAMS 0x00000000c4800000, 0x00000000c4800000| Complete 
|  51|0x00000000c4900000, 0x00000000c4a00000, 0x00000000c4a00000|100%| E|CS|TAMS 0x00000000c4900000, 0x00000000c4900000| Complete 
|  52|0x00000000c4a00000, 0x00000000c4b00000, 0x00000000c4b00000|100%| E|CS|TAMS 0x00000000c4a00000, 0x00000000c4a00000| Complete 
|  53|0x00000000c4b00000, 0x00000000c4c00000, 0x00000000c4c00000|100%| E|CS|TAMS 0x00000000c4b00000, 0x00000000c4b00000| Complete 
|  54|0x00000000c4c00000, 0x00000000c4d00000, 0x00000000c4d00000|100%| E|CS|TAMS 0x00000000c4c00000, 0x00000000c4c00000| Complete 
|  55|0x00000000c4d00000, 0x00000000c4e00000, 0x00000000c4e00000|100%| E|CS|TAMS 0x00000000c4d00000, 0x00000000c4d00000| Complete 
|  56|0x00000000c4e00000, 0x00000000c4f00000, 0x00000000c4f00000|100%| S|  |TAMS 0x00000000c4e00000, 0x00000000c4e00000| Complete 
|  57|0x00000000c4f00000, 0x00000000c5000000, 0x00000000c5000000|100%| S|  |TAMS 0x00000000c4f00000, 0x00000000c4f00000| Complete 
|  58|0x00000000c5000000, 0x00000000c5100000, 0x00000000c5100000|100%| E|CS|TAMS 0x00000000c5000000, 0x00000000c5000000| Complete 
|  59|0x00000000c5100000, 0x00000000c5200000, 0x00000000c5200000|100%| E|CS|TAMS 0x00000000c5100000, 0x00000000c5100000| Complete 
|  60|0x00000000c5200000, 0x00000000c5300000, 0x00000000c5300000|100%| E|CS|TAMS 0x00000000c5200000, 0x00000000c5200000| Complete 
|  61|0x00000000c5300000, 0x00000000c5400000, 0x00000000c5400000|100%| E|CS|TAMS 0x00000000c5300000, 0x00000000c5300000| Complete 
|  62|0x00000000c5400000, 0x00000000c5500000, 0x00000000c5500000|100%| E|CS|TAMS 0x00000000c5400000, 0x00000000c5400000| Complete 
|  63|0x00000000c5500000, 0x00000000c5600000, 0x00000000c5600000|100%| E|CS|TAMS 0x00000000c5500000, 0x00000000c5500000| Complete 
|  64|0x00000000c5600000, 0x00000000c5700000, 0x00000000c5700000|100%| E|CS|TAMS 0x00000000c5600000, 0x00000000c5600000| Complete 
|  65|0x00000000c5700000, 0x00000000c5800000, 0x00000000c5800000|100%| E|CS|TAMS 0x00000000c5700000, 0x00000000c5700000| Complete 
|  66|0x00000000c5800000, 0x00000000c5900000, 0x00000000c5900000|100%| E|CS|TAMS 0x00000000c5800000, 0x00000000c5800000| Complete 
|  67|0x00000000c5900000, 0x00000000c5a00000, 0x00000000c5a00000|100%| E|CS|TAMS 0x00000000c5900000, 0x00000000c5900000| Complete 
|  68|0x00000000c5a00000, 0x00000000c5b00000, 0x00000000c5b00000|100%| E|CS|TAMS 0x00000000c5a00000, 0x00000000c5a00000| Complete 
|  69|0x00000000c5b00000, 0x00000000c5c00000, 0x00000000c5c00000|100%| E|CS|TAMS 0x00000000c5b00000, 0x00000000c5b00000| Complete 
|  70|0x00000000c5c00000, 0x00000000c5d00000, 0x00000000c5d00000|100%| E|CS|TAMS 0x00000000c5c00000, 0x00000000c5c00000| Complete 
|  71|0x00000000c5d00000, 0x00000000c5e00000, 0x00000000c5e00000|100%| E|CS|TAMS 0x00000000c5d00000, 0x00000000c5d00000| Complete 
|  72|0x00000000c5e00000, 0x00000000c5f00000, 0x00000000c5f00000|100%| E|CS|TAMS 0x00000000c5e00000, 0x00000000c5e00000| Complete 
|  73|0x00000000c5f00000, 0x00000000c6000000, 0x00000000c6000000|100%| E|CS|TAMS 0x00000000c5f00000, 0x00000000c5f00000| Complete 
|  74|0x00000000c6000000, 0x00000000c6100000, 0x00000000c6100000|100%| E|CS|TAMS 0x00000000c6000000, 0x00000000c6000000| Complete 
|  75|0x00000000c6100000, 0x00000000c6200000, 0x00000000c6200000|100%| E|CS|TAMS 0x00000000c6100000, 0x00000000c6100000| Complete 
|  76|0x00000000c6200000, 0x00000000c6300000, 0x00000000c6300000|100%| E|CS|TAMS 0x00000000c6200000, 0x00000000c6200000| Complete 
|  77|0x00000000c6300000, 0x00000000c6400000, 0x00000000c6400000|100%| E|CS|TAMS 0x00000000c6300000, 0x00000000c6300000| Complete 
|  78|0x00000000c6400000, 0x00000000c6500000, 0x00000000c6500000|100%| E|CS|TAMS 0x00000000c6400000, 0x00000000c6400000| Complete 
|  79|0x00000000c6500000, 0x00000000c6600000, 0x00000000c6600000|100%| E|CS|TAMS 0x00000000c6500000, 0x00000000c6500000| Complete 
|  80|0x00000000c6600000, 0x00000000c6700000, 0x00000000c6700000|100%| E|CS|TAMS 0x00000000c6600000, 0x00000000c6600000| Complete 
|  81|0x00000000c6700000, 0x00000000c6800000, 0x00000000c6800000|100%| E|CS|TAMS 0x00000000c6700000, 0x00000000c6700000| Complete 
|  82|0x00000000c6800000, 0x00000000c6900000, 0x00000000c6900000|100%| E|CS|TAMS 0x00000000c6800000, 0x00000000c6800000| Complete 
|  83|0x00000000c6900000, 0x00000000c6a00000, 0x00000000c6a00000|100%| E|CS|TAMS 0x00000000c6900000, 0x00000000c6900000| Complete 
|  84|0x00000000c6a00000, 0x00000000c6b00000, 0x00000000c6b00000|100%| E|CS|TAMS 0x00000000c6a00000, 0x00000000c6a00000| Complete 
|  85|0x00000000c6b00000, 0x00000000c6c00000, 0x00000000c6c00000|100%| E|CS|TAMS 0x00000000c6b00000, 0x00000000c6b00000| Complete 
|  86|0x00000000c6c00000, 0x00000000c6d00000, 0x00000000c6d00000|100%| E|CS|TAMS 0x00000000c6c00000, 0x00000000c6c00000| Complete 
|  87|0x00000000c6d00000, 0x00000000c6e00000, 0x00000000c6e00000|100%| E|CS|TAMS 0x00000000c6d00000, 0x00000000c6d00000| Complete 
|  88|0x00000000c6e00000, 0x00000000c6f00000, 0x00000000c6f00000|100%| E|CS|TAMS 0x00000000c6e00000, 0x00000000c6e00000| Complete 
|  89|0x00000000c6f00000, 0x00000000c7000000, 0x00000000c7000000|100%| E|CS|TAMS 0x00000000c6f00000, 0x00000000c6f00000| Complete 
|  90|0x00000000c7000000, 0x00000000c7100000, 0x00000000c7100000|100%| E|CS|TAMS 0x00000000c7000000, 0x00000000c7000000| Complete 
|  91|0x00000000c7100000, 0x00000000c7200000, 0x00000000c7200000|100%| E|CS|TAMS 0x00000000c7100000, 0x00000000c7100000| Complete 
|  92|0x00000000c7200000, 0x00000000c7300000, 0x00000000c7300000|100%| E|CS|TAMS 0x00000000c7200000, 0x00000000c7200000| Complete 
|  93|0x00000000c7300000, 0x00000000c7400000, 0x00000000c7400000|100%| E|CS|TAMS 0x00000000c7300000, 0x00000000c7300000| Complete 
|  94|0x00000000c7400000, 0x00000000c7500000, 0x00000000c7500000|100%| E|CS|TAMS 0x00000000c7400000, 0x00000000c7400000| Complete 
|  95|0x00000000c7500000, 0x00000000c7600000, 0x00000000c7600000|100%| E|CS|TAMS 0x00000000c7500000, 0x00000000c7500000| Complete 
|  96|0x00000000c7600000, 0x00000000c7700000, 0x00000000c7700000|100%| E|CS|TAMS 0x00000000c7600000, 0x00000000c7600000| Complete 
|  97|0x00000000c7700000, 0x00000000c7800000, 0x00000000c7800000|100%| E|CS|TAMS 0x00000000c7700000, 0x00000000c7700000| Complete 
|  98|0x00000000c7800000, 0x00000000c7900000, 0x00000000c7900000|100%| E|CS|TAMS 0x00000000c7800000, 0x00000000c7800000| Complete 
|  99|0x00000000c7900000, 0x00000000c7a00000, 0x00000000c7a00000|100%| E|CS|TAMS 0x00000000c7900000, 0x00000000c7900000| Complete 
| 100|0x00000000c7a00000, 0x00000000c7b00000, 0x00000000c7b00000|100%| E|CS|TAMS 0x00000000c7a00000, 0x00000000c7a00000| Complete 
| 101|0x00000000c7b00000, 0x00000000c7c00000, 0x00000000c7c00000|100%| E|CS|TAMS 0x00000000c7b00000, 0x00000000c7b00000| Complete 
| 102|0x00000000c7c00000, 0x00000000c7d00000, 0x00000000c7d00000|100%| E|CS|TAMS 0x00000000c7c00000, 0x00000000c7c00000| Complete 
| 103|0x00000000c7d00000, 0x00000000c7e00000, 0x00000000c7e00000|100%| E|CS|TAMS 0x00000000c7d00000, 0x00000000c7d00000| Complete 
| 104|0x00000000c7e00000, 0x00000000c7f00000, 0x00000000c7f00000|100%| E|CS|TAMS 0x00000000c7e00000, 0x00000000c7e00000| Complete 
| 105|0x00000000c7f00000, 0x00000000c8000000, 0x00000000c8000000|100%| E|CS|TAMS 0x00000000c7f00000, 0x00000000c7f00000| Complete 
| 106|0x00000000c8000000, 0x00000000c8100000, 0x00000000c8100000|100%| E|CS|TAMS 0x00000000c8000000, 0x00000000c8000000| Complete 
| 107|0x00000000c8100000, 0x00000000c8200000, 0x00000000c8200000|100%| E|CS|TAMS 0x00000000c8100000, 0x00000000c8100000| Complete 
| 108|0x00000000c8200000, 0x00000000c8300000, 0x00000000c8300000|100%| E|CS|TAMS 0x00000000c8200000, 0x00000000c8200000| Complete 
| 109|0x00000000c8300000, 0x00000000c8400000, 0x00000000c8400000|100%| E|CS|TAMS 0x00000000c8300000, 0x00000000c8300000| Complete 
| 110|0x00000000c8400000, 0x00000000c8500000, 0x00000000c8500000|100%| E|CS|TAMS 0x00000000c8400000, 0x00000000c8400000| Complete 
| 111|0x00000000c8500000, 0x00000000c8600000, 0x00000000c8600000|100%| E|CS|TAMS 0x00000000c8500000, 0x00000000c8500000| Complete 
| 112|0x00000000c8600000, 0x00000000c8700000, 0x00000000c8700000|100%| E|CS|TAMS 0x00000000c8600000, 0x00000000c8600000| Complete 
| 113|0x00000000c8700000, 0x00000000c8800000, 0x00000000c8800000|100%| E|CS|TAMS 0x00000000c8700000, 0x00000000c8700000| Complete 
| 114|0x00000000c8800000, 0x00000000c8900000, 0x00000000c8900000|100%| E|CS|TAMS 0x00000000c8800000, 0x00000000c8800000| Complete 
| 115|0x00000000c8900000, 0x00000000c8a00000, 0x00000000c8a00000|100%| E|CS|TAMS 0x00000000c8900000, 0x00000000c8900000| Complete 
| 116|0x00000000c8a00000, 0x00000000c8b00000, 0x00000000c8b00000|100%| E|CS|TAMS 0x00000000c8a00000, 0x00000000c8a00000| Complete 
| 117|0x00000000c8b00000, 0x00000000c8c00000, 0x00000000c8c00000|100%| E|CS|TAMS 0x00000000c8b00000, 0x00000000c8b00000| Complete 
| 118|0x00000000c8c00000, 0x00000000c8d00000, 0x00000000c8d00000|100%| E|CS|TAMS 0x00000000c8c00000, 0x00000000c8c00000| Complete 
| 119|0x00000000c8d00000, 0x00000000c8e00000, 0x00000000c8e00000|100%| E|CS|TAMS 0x00000000c8d00000, 0x00000000c8d00000| Complete 
| 120|0x00000000c8e00000, 0x00000000c8f00000, 0x00000000c8f00000|100%| E|CS|TAMS 0x00000000c8e00000, 0x00000000c8e00000| Complete 
| 121|0x00000000c8f00000, 0x00000000c9000000, 0x00000000c9000000|100%| E|CS|TAMS 0x00000000c8f00000, 0x00000000c8f00000| Complete 
| 122|0x00000000c9000000, 0x00000000c9100000, 0x00000000c9100000|100%| E|CS|TAMS 0x00000000c9000000, 0x00000000c9000000| Complete 
| 123|0x00000000c9100000, 0x00000000c9200000, 0x00000000c9200000|100%| E|CS|TAMS 0x00000000c9100000, 0x00000000c9100000| Complete 
| 124|0x00000000c9200000, 0x00000000c9300000, 0x00000000c9300000|100%| E|CS|TAMS 0x00000000c9200000, 0x00000000c9200000| Complete 
| 125|0x00000000c9300000, 0x00000000c9400000, 0x00000000c9400000|100%| E|CS|TAMS 0x00000000c9300000, 0x00000000c9300000| Complete 

Card table byte_map: [0x000000001a460000,0x000000001a660000] _byte_map_base: 0x0000000019e55000

Marking Bits (Prev, Next): (CMBitMap*) 0x00000000003741e8, (CMBitMap*) 0x0000000000374220
 Prev Bits: [0x000000001a860000, 0x000000001b808000)
 Next Bits: [0x000000001b810000, 0x000000001c7b8000)

Polling page: 0x0000000000120000

Metaspace:

Usage:
  Non-class:     52.75 MB capacity,    51.72 MB ( 98%) used,   852.66 KB (  2%) free+waste,   212.06 KB ( <1%) overhead. 
      Class:      8.57 MB capacity,     7.87 MB ( 92%) used,   614.77 KB (  7%) free+waste,   103.31 KB (  1%) overhead. 
       Both:     61.33 MB capacity,    59.59 MB ( 97%) used,     1.43 MB (  2%) free+waste,   315.38 KB ( <1%) overhead. 

Virtual space:
  Non-class space:       54.00 MB reserved,      52.96 MB ( 98%) committed 
      Class space:        1.00 GB reserved,       8.63 MB ( <1%) committed 
             Both:        1.05 GB reserved,      61.59 MB (  6%) committed 

Chunk freelists:
   Non-Class:  2.38 KB
       Class:  2.63 KB
        Both:  5.00 KB

CodeHeap 'non-profiled nmethods': size=238912Kb used=8108Kb max_used=8108Kb free=230804Kb
 bounds [0x000000000b160000, 0x000000000b950000, 0x0000000019ab0000]
CodeHeap 'non-nmethods': size=6848Kb used=1257Kb max_used=1257Kb free=5590Kb
 bounds [0x000000000aab0000, 0x000000000ad20000, 0x000000000b160000]
 total_blobs=5677 nmethods=5005 adapters=567
 compilation: enabled
              stopped_count=0, restarted_count=0
 full_count=0

Compilation events (10 events):
Event: 6.280 Thread 0x000000005fcc0800 5014       1       org.springframework.boot.autoconfigure.condition.ConditionEvaluationReport$$Lambda$1023/0x000000001fc47040::accept (16 bytes)
Event: 6.281 Thread 0x000000005fcc0800 nmethod 5014 0x000000000b949310 code [0x000000000b9494c0, 0x000000000b9496a0]
Event: 6.281 Thread 0x000000005fcc0800 5015       1       org.springframework.boot.autoconfigure.condition.ConditionEvaluationReport::lambda$getConditionAndOutcomesBySource$0 (13 bytes)
Event: 6.281 Thread 0x000000005fcc0800 nmethod 5015 0x000000000b949810 code [0x000000000b9499c0, 0x000000000b949b40]
Event: 6.281 Thread 0x000000005fcc0800 5017       1       org.springframework.boot.autoconfigure.condition.ConditionEvaluationReport$ConditionAndOutcomes::iterator (13 bytes)
Event: 6.281 Thread 0x000000005fcc0800 nmethod 5017 0x000000000b949c10 code [0x000000000b949de0, 0x000000000b94a1a0]
Event: 6.289 Thread 0x000000005fcc0800 5019       1       java.net.InetAddress::holder (5 bytes)
Event: 6.289 Thread 0x000000005fcc0800 nmethod 5019 0x000000000b94a790 code [0x000000000b94a920, 0x000000000b94aa38]
Event: 6.290 Thread 0x000000005fcc0800 5020       1       sun.security.provider.HashDrbg::addBytes (130 bytes)
Event: 6.291 Thread 0x000000005fcc0800 nmethod 5020 0x000000000b94aa90 code [0x000000000b94ac40, 0x000000000b94ae58]

GC Heap History (10 events):
Event: 3.302 GC heap after
{Heap after GC invocations=12 (full 0):
 garbage-first heap   total 98304K, used 15147K [0x00000000c1600000, 0x0000000100000000)
  region size 1024K, 7 young (7168K), 7 survivors (7168K)
 Metaspace       used 34084K, capacity 35305K, committed 35584K, reserved 1079296K
  class space    used 4300K, capacity 4766K, committed 4864K, reserved 1048576K
}
Event: 3.422 GC heap before
{Heap before GC invocations=12 (full 0):
 garbage-first heap   total 98304K, used 65323K [0x00000000c1600000, 0x0000000100000000)
  region size 1024K, 57 young (58368K), 7 survivors (7168K)
 Metaspace       used 34684K, capacity 35941K, committed 36096K, reserved 1081344K
  class space    used 4350K, capacity 4807K, committed 4864K, reserved 1048576K
}
Event: 3.438 GC heap after
{Heap after GC invocations=13 (full 0):
 garbage-first heap   total 98304K, used 15683K [0x00000000c1600000, 0x0000000100000000)
  region size 1024K, 4 young (4096K), 4 survivors (4096K)
 Metaspace       used 34684K, capacity 35941K, committed 36096K, reserved 1081344K
  class space    used 4350K, capacity 4807K, committed 4864K, reserved 1048576K
}
Event: 4.122 GC heap before
{Heap before GC invocations=13 (full 0):
 garbage-first heap   total 98304K, used 68931K [0x00000000c1600000, 0x0000000100000000)
  region size 1024K, 57 young (58368K), 4 survivors (4096K)
 Metaspace       used 41392K, capacity 42830K, committed 42880K, reserved 1087488K
  class space    used 5176K, capacity 5714K, committed 5760K, reserved 1048576K
}
Event: 4.133 GC heap after
{Heap after GC invocations=14 (full 0):
 garbage-first heap   total 98304K, used 19157K [0x00000000c1600000, 0x0000000100000000)
  region size 1024K, 8 young (8192K), 8 survivors (8192K)
 Metaspace       used 41392K, capacity 42830K, committed 42880K, reserved 1087488K
  class space    used 5176K, capacity 5714K, committed 5760K, reserved 1048576K
}
Event: 4.384 GC heap before
{Heap before GC invocations=14 (full 0):
 garbage-first heap   total 98304K, used 34517K [0x00000000c1600000, 0x0000000100000000)
  region size 1024K, 25 young (25600K), 8 survivors (8192K)
 Metaspace       used 44200K, capacity 45530K, committed 45656K, reserved 1089536K
  class space    used 5422K, capacity 5951K, committed 6016K, reserved 1048576K
}
Event: 4.401 GC heap after
{Heap after GC invocations=15 (full 0):
 garbage-first heap   total 129024K, used 19866K [0x00000000c1600000, 0x0000000100000000)
  region size 1024K, 5 young (5120K), 5 survivors (5120K)
 Metaspace       used 44200K, capacity 45530K, committed 45656K, reserved 1089536K
  class space    used 5422K, capacity 5951K, committed 6016K, reserved 1048576K
}
Event: 5.277 GC heap before
{Heap before GC invocations=16 (full 0):
 garbage-first heap   total 129024K, used 86426K [0x00000000c1600000, 0x0000000100000000)
  region size 1024K, 70 young (71680K), 5 survivors (5120K)
 Metaspace       used 53180K, capacity 54596K, committed 54872K, reserved 1097728K
  class space    used 6905K, capacity 7475K, committed 7552K, reserved 1048576K
}
Event: 5.293 GC heap after
{Heap after GC invocations=17 (full 0):
 garbage-first heap   total 129024K, used 21871K [0x00000000c1600000, 0x0000000100000000)
  region size 1024K, 7 young (7168K), 7 survivors (7168K)
 Metaspace       used 53180K, capacity 54596K, committed 54872K, reserved 1097728K
  class space    used 6905K, capacity 7475K, committed 7552K, reserved 1048576K
}
Event: 6.304 GC heap before
{Heap before GC invocations=18 (full 0):
 garbage-first heap   total 129024K, used 91503K [0x00000000c1600000, 0x0000000100000000)
  region size 1024K, 75 young (76800K), 7 survivors (7168K)
 Metaspace       used 61017K, capacity 62800K, committed 63064K, reserved 1103872K
  class space    used 8060K, capacity 8779K, committed 8832K, reserved 1048576K
}

Deoptimization events (0 events):
No events

Classes redefined (0 events):
No events

Internal exceptions (10 events):
Event: 5.879 Thread 0x000000006142c000 Exception <a 'java/lang/ClassNotFoundException'{0x00000000c6966a90}: org/springframework/boot/autoconfigure/web/servlet/WebMvcAutoConfiguration$EnableWebMvcConfigurationCustomizer> (0x00000000c6966a90) thrown at [./open/src/hotspot/share/classfile/systemD
Event: 5.880 Thread 0x000000006142c000 Exception <a 'java/lang/ClassNotFoundException'{0x00000000c697fab0}: org/springframework/context/ResourceLoaderAwareCustomizer> (0x00000000c697fab0) thrown at [./open/src/hotspot/share/classfile/systemDictionary.cpp, line 228]
Event: 5.881 Thread 0x000000006142c000 Exception <a 'java/lang/ClassNotFoundException'{0x00000000c698bd20}: org/springframework/beans/factory/AwareCustomizer> (0x00000000c698bd20) thrown at [./open/src/hotspot/share/classfile/systemDictionary.cpp, line 228]
Event: 5.881 Thread 0x000000006142c000 Exception <a 'java/lang/ClassNotFoundException'{0x00000000c6998450}: org/springframework/context/ApplicationContextAwareCustomizer> (0x00000000c6998450) thrown at [./open/src/hotspot/share/classfile/systemDictionary.cpp, line 228]
Event: 5.882 Thread 0x000000006142c000 Exception <a 'java/lang/ClassNotFoundException'{0x00000000c69a4de0}: org/springframework/beans/factory/AwareCustomizer> (0x00000000c69a4de0) thrown at [./open/src/hotspot/share/classfile/systemDictionary.cpp, line 228]
Event: 5.882 Thread 0x000000006142c000 Exception <a 'java/lang/ClassNotFoundException'{0x00000000c69b14e8}: org/springframework/web/context/ServletContextAwareCustomizer> (0x00000000c69b14e8) thrown at [./open/src/hotspot/share/classfile/systemDictionary.cpp, line 228]
Event: 5.882 Thread 0x000000006142c000 Exception <a 'java/lang/ClassNotFoundException'{0x00000000c69bd950}: org/springframework/beans/factory/AwareCustomizer> (0x00000000c69bd950) thrown at [./open/src/hotspot/share/classfile/systemDictionary.cpp, line 228]
Event: 6.026 Thread 0x000000006142c000 Exception <a 'java/lang/NoSuchMethodError'{0x00000000c6020580}: java.lang.invoke.DirectMethodHandle$Holder.invokeVirtual(Ljava/lang/Object;Ljava/lang/Object;I)V> (0x00000000c6020580) thrown at [./open/src/hotspot/share/interpreter/linkResolver.cpp, line 7
Event: 6.119 Thread 0x000000006142c000 Exception <a 'java/lang/IncompatibleClassChangeError'{0x00000000c5b3baf0}: Found class java.lang.Object, but interface was expected> (0x00000000c5b3baf0) thrown at [./open/src/hotspot/share/interpreter/linkResolver.cpp, line 838]
Event: 6.146 Thread 0x000000006104e000 Exception <a 'java/lang/reflect/InvocationTargetException'{0x00000000c7a05e30}> (0x00000000c7a05e30) thrown at [./open/src/hotspot/share/runtime/reflection.cpp, line 1242]

Events (10 events):
Event: 6.301 loading class org/apache/tomcat/util/net/NioEndpoint$Poller done
Event: 6.303 Thread 0x000000006137f800 Thread added: 0x000000006137f800
Event: 6.303 loading class org/apache/tomcat/util/net/Acceptor
Event: 6.303 loading class org/apache/tomcat/util/net/Acceptor done
Event: 6.303 loading class org/apache/tomcat/util/net/Acceptor$AcceptorState
Event: 6.303 loading class org/apache/tomcat/util/net/Acceptor$AcceptorState done
Event: 6.304 Thread 0x0000000061380800 Thread added: 0x0000000061380800
Event: 6.304 loading class org/apache/coyote/AbstractProtocol$1
Event: 6.304 loading class org/apache/coyote/AbstractProtocol$1 done
Event: 6.304 Executing VM operation: G1CollectForAllocation


Dynamic libraries:
0x000000013f900000 - 0x000000013f947000 	C:\Program Files\Java\jdk-11.0.7\bin\javaw.exe
0x0000000077260000 - 0x00000000773ff000 	C:\Windows\SYSTEM32\ntdll.dll
0x0000000077040000 - 0x000000007715f000 	C:\Windows\system32\kernel32.dll
0x000007fefce20000 - 0x000007fefce8a000 	C:\Windows\system32\KERNELBASE.dll
0x000007feff470000 - 0x000007feff54b000 	C:\Windows\system32\ADVAPI32.dll
0x000007fefd410000 - 0x000007fefd4af000 	C:\Windows\system32\msvcrt.dll
0x000007fefd370000 - 0x000007fefd38f000 	C:\Windows\SYSTEM32\sechost.dll
0x000007feff340000 - 0x000007feff46c000 	C:\Windows\system32\RPCRT4.dll
0x0000000077160000 - 0x000000007725a000 	C:\Windows\system32\USER32.dll
0x000007fefd710000 - 0x000007fefd777000 	C:\Windows\system32\GDI32.dll
0x000007fefda30000 - 0x000007fefda3e000 	C:\Windows\system32\LPK.dll
0x000007fefe4e0000 - 0x000007fefe5ab000 	C:\Windows\system32\USP10.dll
0x000007fefb6b0000 - 0x000007fefb8a5000 	C:\Windows\WinSxS\amd64_microsoft.windows.common-controls_6595b64144ccf1df_6.0.7601.24380_none_e3731d0b30fb6b11\COMCTL32.dll
0x000007fefd4b0000 - 0x000007fefd521000 	C:\Windows\system32\SHLWAPI.dll
0x000007fefbe90000 - 0x000007fefbe9c000 	C:\Windows\system32\VERSION.dll
0x000007fefe050000 - 0x000007fefe07e000 	C:\Windows\system32\IMM32.DLL
0x000007fefd880000 - 0x000007fefd989000 	C:\Windows\system32\MSCTF.dll
0x000007fefa260000 - 0x000007fefa263000 	C:\Windows\system32\api-ms-win-core-synch-l1-2-0.DLL
0x000007fef71b0000 - 0x000007fef71c6000 	C:\Program Files\Java\jdk-11.0.7\bin\vcruntime140.dll
0x000007fef79f0000 - 0x000007fef79f4000 	C:\Program Files\Java\jdk-11.0.7\bin\api-ms-win-crt-runtime-l1-1-0.dll
0x000007fef70b0000 - 0x000007fef71a6000 	C:\Program Files\Java\jdk-11.0.7\bin\ucrtbase.DLL
0x000007fef76e0000 - 0x000007fef76e3000 	C:\Program Files\Java\jdk-11.0.7\bin\api-ms-win-core-localization-l1-2-0.dll
0x000007fef70a0000 - 0x000007fef70a3000 	C:\Program Files\Java\jdk-11.0.7\bin\api-ms-win-core-processthreads-l1-1-1.dll
0x000007fef7090000 - 0x000007fef7093000 	C:\Program Files\Java\jdk-11.0.7\bin\api-ms-win-core-file-l1-2-0.dll
0x000007fef7080000 - 0x000007fef7083000 	C:\Program Files\Java\jdk-11.0.7\bin\api-ms-win-core-timezone-l1-1-0.dll
0x000007fef7070000 - 0x000007fef7073000 	C:\Program Files\Java\jdk-11.0.7\bin\api-ms-win-core-file-l2-1-0.dll
0x000007fef7060000 - 0x000007fef7064000 	C:\Program Files\Java\jdk-11.0.7\bin\api-ms-win-crt-string-l1-1-0.dll
0x000007fef7050000 - 0x000007fef7053000 	C:\Program Files\Java\jdk-11.0.7\bin\api-ms-win-crt-heap-l1-1-0.dll
0x000007fef7040000 - 0x000007fef7044000 	C:\Program Files\Java\jdk-11.0.7\bin\api-ms-win-crt-stdio-l1-1-0.dll
0x000007fef7030000 - 0x000007fef7034000 	C:\Program Files\Java\jdk-11.0.7\bin\api-ms-win-crt-convert-l1-1-0.dll
0x000007fef6f80000 - 0x000007fef702a000 	C:\Program Files\Java\jdk-11.0.7\bin\msvcp140.dll
0x000007fef6f70000 - 0x000007fef6f73000 	C:\Program Files\Java\jdk-11.0.7\bin\api-ms-win-crt-locale-l1-1-0.dll
0x000007fef6f60000 - 0x000007fef6f65000 	C:\Program Files\Java\jdk-11.0.7\bin\api-ms-win-crt-math-l1-1-0.dll
0x000007fef6f50000 - 0x000007fef6f55000 	C:\Program Files\Java\jdk-11.0.7\bin\api-ms-win-crt-multibyte-l1-1-0.dll
0x000007fef6f40000 - 0x000007fef6f43000 	C:\Program Files\Java\jdk-11.0.7\bin\api-ms-win-crt-time-l1-1-0.dll
0x000007fef6f30000 - 0x000007fef6f33000 	C:\Program Files\Java\jdk-11.0.7\bin\api-ms-win-crt-filesystem-l1-1-0.dll
0x000007fef6f20000 - 0x000007fef6f23000 	C:\Program Files\Java\jdk-11.0.7\bin\api-ms-win-crt-environment-l1-1-0.dll
0x000007fef6f10000 - 0x000007fef6f13000 	C:\Program Files\Java\jdk-11.0.7\bin\api-ms-win-crt-utility-l1-1-0.dll
0x000007fedf5e0000 - 0x000007fee0141000 	C:\Program Files\Java\jdk-11.0.7\bin\server\jvm.dll
0x000007fef1140000 - 0x000007fef1149000 	C:\Windows\system32\WSOCK32.dll
0x000007fefdf50000 - 0x000007fefdf9d000 	C:\Windows\system32\WS2_32.dll
0x000007fefe040000 - 0x000007fefe048000 	C:\Windows\system32\NSI.dll
0x000007fefa3f0000 - 0x000007fefa42b000 	C:\Windows\system32\WINMM.dll
0x0000000077410000 - 0x0000000077417000 	C:\Windows\system32\PSAPI.DLL
0x000007fefb690000 - 0x000007fefb6a1000 	C:\Program Files\Java\jdk-11.0.7\bin\verify.dll
0x000007fef4460000 - 0x000007fef4585000 	C:\Windows\system32\DBGHELP.DLL
0x000007fef7780000 - 0x000007fef77a9000 	C:\Program Files\Java\jdk-11.0.7\bin\java.dll
0x000007fefb680000 - 0x000007fefb68a000 	C:\Program Files\Java\jdk-11.0.7\bin\jimage.dll
0x000007fef7820000 - 0x000007fef7836000 	C:\Program Files\Java\jdk-11.0.7\bin\zip.dll
0x000007fefe5b0000 - 0x000007feff33b000 	C:\Windows\system32\SHELL32.dll
0x000007fefd170000 - 0x000007fefd36f000 	C:\Windows\system32\ole32.dll
0x000007fefcdc0000 - 0x000007fefcdcf000 	C:\Windows\system32\profapi.dll
0x000007fef7760000 - 0x000007fef7779000 	C:\Program Files\Java\jdk-11.0.7\bin\net.dll
0x000007fefa740000 - 0x000007fefa7b1000 	C:\Windows\system32\WINHTTP.dll
0x000007fefa6d0000 - 0x000007fefa735000 	C:\Windows\system32\webio.dll
0x000007fefc4f0000 - 0x000007fefc545000 	C:\Windows\system32\mswsock.dll
0x000007fefc4e0000 - 0x000007fefc4e7000 	C:\Windows\System32\wship6.dll
0x000007fef7740000 - 0x000007fef7753000 	C:\Program Files\Java\jdk-11.0.7\bin\nio.dll
0x000007fefa4f0000 - 0x000007fefa4f9000 	C:\Program Files\Java\jdk-11.0.7\bin\management.dll
0x000007fef9820000 - 0x000007fef982c000 	C:\Program Files\Java\jdk-11.0.7\bin\management_ext.dll
0x000007fef9250000 - 0x000007fef9265000 	C:\Windows\system32\NLAapi.dll
0x000007fef4320000 - 0x000007fef4335000 	C:\Windows\system32\napinsp.dll
0x000007fef4300000 - 0x000007fef4319000 	C:\Windows\system32\pnrpnsp.dll
0x000007fefc370000 - 0x000007fefc3cb000 	C:\Windows\system32\DNSAPI.dll
0x000007fefa1a0000 - 0x000007fefa1ab000 	C:\Windows\System32\winrnr.dll
0x000007fefbf60000 - 0x000007fefbf67000 	C:\Windows\System32\wshtcpip.dll
0x000007fef9100000 - 0x000007fef9127000 	C:\Windows\system32\IPHLPAPI.DLL
0x000007fef90e0000 - 0x000007fef90eb000 	C:\Windows\system32\WINNSI.DLL
0x000007fefa030000 - 0x000007fefa038000 	C:\Windows\system32\rasadhlp.dll
0x000007fef8f70000 - 0x000007fef8fc3000 	C:\Windows\System32\fwpuclnt.dll
0x000007fefc550000 - 0x000007fefc568000 	C:\Windows\system32\CRYPTSP.dll
0x000007fefc250000 - 0x000007fefc297000 	C:\Windows\system32\rsaenh.dll
0x000007fefd110000 - 0x000007fefd12e000 	C:\Windows\system32\USERENV.dll
0x000007fefcc10000 - 0x000007fefcc1f000 	C:\Windows\system32\CRYPTBASE.dll
0x000007fef8ef0000 - 0x000007fef8f01000 	C:\Windows\system32\dhcpcsvc6.DLL
0x000007fef8ed0000 - 0x000007fef8ee8000 	C:\Windows\system32\dhcpcsvc.DLL
0x000007fef6f00000 - 0x000007fef6f0e000 	C:\Program Files\Java\jdk-11.0.7\bin\sunmscapi.dll
0x000007fefced0000 - 0x000007fefd03d000 	C:\Windows\system32\CRYPT32.dll
0x000007fefcdb0000 - 0x000007fefcdbf000 	C:\Windows\system32\MSASN1.dll
0x000007fefc720000 - 0x000007fefc770000 	C:\Windows\system32\ncrypt.dll
0x000007fefc6f0000 - 0x000007fefc712000 	C:\Windows\system32\bcrypt.dll
0x000007fef6ed0000 - 0x000007fef6ef6000 	C:\Program Files\Java\jdk-11.0.7\bin\sunec.dll

dbghelp: loaded successfully - version: 4.0.5 - missing functions: none
symbol engine: initialized successfully - sym options: 0x614 - pdb path: .;C:\Program Files\Java\jdk-11.0.7\bin;C:\Windows\SYSTEM32;C:\Windows\WinSxS\amd64_microsoft.windows.common-controls_6595b64144ccf1df_6.0.7601.24380_none_e3731d0b30fb6b11;C:\Program Files\Java\jdk-11.0.7\bin\server

VM Arguments:
jvm_args: -Dcom.sun.management.jmxremote -Dcom.sun.management.jmxremote.port=51813 -Dcom.sun.management.jmxremote.authenticate=false -Dcom.sun.management.jmxremote.ssl=false -Djava.rmi.server.hostname=localhost -Dspring.jmx.enabled=true -Dspring.application.admin.enabled=true -Xverify:none -XX:TieredStopAtLevel=1 -Dspring.boot.project.name=osworks-api -Dfile.encoding=UTF-8 
java_command: com.algaworks.osworks.OsworksApiApplication --spring.output.ansi.enabled=always
java_class_path (initial): C:\Users\Patricia\SpringToolSuite4\osworks-api\target\classes;C:\Users\Patricia\.m2\repository\org\springframework\boot\spring-boot-starter-web\2.2.6.RELEASE\spring-boot-starter-web-2.2.6.RELEASE.jar;C:\Users\Patricia\.m2\repository\org\springframework\boot\spring-boot-starter\2.2.6.RELEASE\spring-boot-starter-2.2.6.RELEASE.jar;C:\Users\Patricia\.m2\repository\org\springframework\boot\spring-boot-starter-logging\2.2.6.RELEASE\spring-boot-starter-logging-2.2.6.RELEASE.jar;C:\Users\Patricia\.m2\repository\ch\qos\logback\logback-classic\1.2.3\logback-classic-1.2.3.jar;C:\Users\Patricia\.m2\repository\ch\qos\logback\logback-core\1.2.3\logback-core-1.2.3.jar;C:\Users\Patricia\.m2\repository\org\apache\logging\log4j\log4j-to-slf4j\2.12.1\log4j-to-slf4j-2.12.1.jar;C:\Users\Patricia\.m2\repository\org\apache\logging\log4j\log4j-api\2.12.1\log4j-api-2.12.1.jar;C:\Users\Patricia\.m2\repository\org\slf4j\jul-to-slf4j\1.7.30\jul-to-slf4j-1.7.30.jar;C:\Users\Patricia\.m2\repository\jakarta\annotation\jakarta.annotation-api\1.3.5\jakarta.annotation-api-1.3.5.jar;C:\Users\Patricia\.m2\repository\org\yaml\snakeyaml\1.25\snakeyaml-1.25.jar;C:\Users\Patricia\.m2\repository\org\springframework\boot\spring-boot-starter-json\2.2.6.RELEASE\spring-boot-starter-json-2.2.6.RELEASE.jar;C:\Users\Patricia\.m2\repository\com\fasterxml\jackson\core\jackson-databind\2.10.3\jackson-databind-2.10.3.jar;C:\Users\Patricia\.m2\repository\com\fasterxml\jackson\core\jackson-annotations\2.10.3\jackson-annotations-2.10.3.jar;C:\Users\Patricia\.m2\repository\com\fasterxml\jackson\core\jackson-core\2.10.3\jackson-core-2.10.3.jar;C:\Users\Patricia\.m2\repository\com\fasterxml\jackson\datatype\jackson-datatype-jdk8\2.10.3\jackson-datatype-jdk8-2.10.3.jar;C:\Users\Patricia\.m2\repository\com\fasterxml\jackson\datatype\jackson-datatype-jsr310\2.10.3\jackson-datatype-jsr310-2.10.3.jar;C:\Users\Patricia\.m2\repository\com\fasterxml\jackson\module\jackson-module-parameter-names\2.10.3\
Launcher Type: SUN_STANDARD

[Global flags]
     bool BytecodeVerificationLocal                = false                                     {product} {command line}
     bool BytecodeVerificationRemote               = false                                     {product} {command line}
     intx CICompilerCount                          = 3                                         {product} {ergonomic}
     uint ConcGCThreads                            = 1                                         {product} {ergonomic}
     uint G1ConcRefinementThreads                  = 4                                         {product} {ergonomic}
   size_t G1HeapRegionSize                         = 1048576                                   {product} {ergonomic}
    uintx GCDrainStackTargetSize                   = 64                                        {product} {ergonomic}
   size_t InitialHeapSize                          = 67108864                                  {product} {ergonomic}
     bool ManagementServer                         = true                                      {product} {command line}
   size_t MarkStackSize                            = 4194304                                   {product} {ergonomic}
   size_t MaxHeapSize                              = 1050673152                                {product} {ergonomic}
   size_t MaxNewSize                               = 630194176                                 {product} {ergonomic}
   size_t MinHeapDeltaBytes                        = 1048576                                   {product} {ergonomic}
    uintx NonNMethodCodeHeapSize                   = 6973028                                {pd product} {ergonomic}
    uintx NonProfiledCodeHeapSize                  = 244685212                              {pd product} {ergonomic}
    uintx ProfiledCodeHeapSize                     = 0                                      {pd product} {ergonomic}
    uintx ReservedCodeCacheSize                    = 251658240                              {pd product} {ergonomic}
     bool SegmentedCodeCache                       = true                                      {product} {ergonomic}
     intx TieredStopAtLevel                        = 1                                         {product} {command line}
     bool UseCompressedClassPointers               = true                                 {lp64_product} {ergonomic}
     bool UseCompressedOops                        = true                                 {lp64_product} {ergonomic}
     bool UseG1GC                                  = true                                      {product} {ergonomic}
     bool UseLargePagesIndividualAllocation        = false                                  {pd product} {ergonomic}

Logging:
Log output configuration:
 #0: stdout all=warning uptime,level,tags
 #1: stderr all=off uptime,level,tags

Environment Variables:
JAVA_HOME=C:\Program Files\Java\jdk-11.0.7\bin
PATH=C:/Program Files/Java/jdk-11.0.7/bin/server;C:/Program Files/Java/jdk-11.0.7/bin;C:\Program Files\AdoptOpenJDK\jdk8u202-b08-jre\bin;C:\Windows\system32;C:\Windows;C:\Windows\System32\Wbem;C:\Windows\System32\WindowsPowerShell\v1.0\;C:\Program Files\Git\cmd;C:\Program Files\Java\jdk-11.0.7\bin;C:\Users\Patricia\Downloads\sts-4.6.0.RELEASE;
USERNAME=Patricia
OS=Windows_NT
PROCESSOR_IDENTIFIER=Intel64 Family 6 Model 42 Stepping 7, GenuineIntel



---------------  S Y S T E M  ---------------

OS: Windows 7 , 64 bit Build 7601 (6.1.7601.24408)

CPU:total 4 (initial active 4) (2 cores per cpu, 2 threads per core) family 6 model 42 stepping 7, cmov, cx8, fxsr, mmx, sse, sse2, sse3, ssse3, sse4.1, sse4.2, popcnt, avx, clmul, ht, tsc, tscinvbit

Memory: 4k page, system-wide physical 4006M (1061M free)
TotalPageFile size 8011M (AvailPageFile size 3439M)
current process WorkingSet (physical memory assigned to process): 240M, peak: 240M
current process commit charge ("private bytes"): 293M, peak: 293M

vm_info: Java HotSpot(TM) 64-Bit Server VM (11.0.7+8-LTS) for windows-amd64 JRE (11.0.7+8-LTS), built on Mar 12 2020 02:04:32 by "mach5one" with MS VC++ 15.5 (VS2017)

END.
